2016-04-20 11:32:51 HttpConnector Opening server socket on all host IP addresses
2016-04-20 11:32:51 HttpConnector httpConnector, io problem: 
java.net.BindException: Address already in use: JVM_Bind:8080
	at org.apache.catalina.connector.http.HttpConnector.open(HttpConnector.java:910)
	at org.apache.catalina.connector.http.HttpConnector.initialize(HttpConnector.java:1115)
	at chapter7.BootStrap.main(BootStrap.java:52)

2016-04-20 11:33:09 HttpConnector Opening server socket on all host IP addresses
2016-04-20 11:33:09 HttpConnector[8080] Starting background thread
2016-04-20 11:33:09 HttpProcessor[8080][0] Starting background thread
2016-04-20 11:33:09 HttpProcessor[8080][1] Starting background thread
2016-04-20 11:33:09 HttpProcessor[8080][2] Starting background thread
2016-04-20 11:33:09 HttpProcessor[8080][3] Starting background thread
2016-04-20 11:33:09 HttpProcessor[8080][4] Starting background thread
2016-04-20 11:33:09 has start
2016-04-20 17:06:23 HttpConnector Opening server socket on all host IP addresses
2016-04-20 17:06:23 HttpConnector httpConnector, io problem: 
java.net.BindException: Address already in use: JVM_Bind:8080
	at org.apache.catalina.connector.http.HttpConnector.open(HttpConnector.java:910)
	at org.apache.catalina.connector.http.HttpConnector.initialize(HttpConnector.java:1115)
	at chapter8.BootStrap.main(BootStrap.java:53)

2016-04-20 17:06:37 HttpConnector Opening server socket on all host IP addresses
2016-04-20 17:06:37 HttpConnector[8080] Starting background thread
2016-04-20 17:06:37 HttpProcessor[8080][0] Starting background thread
2016-04-20 17:06:37 HttpProcessor[8080][1] Starting background thread
2016-04-20 17:06:37 HttpProcessor[8080][2] Starting background thread
2016-04-20 17:06:37 HttpProcessor[8080][3] Starting background thread
2016-04-20 17:06:37 HttpProcessor[8080][4] Starting background thread
2016-04-20 17:06:37 has start
2016-04-20 17:07:23 HttpProcessor[8080][4] process.invoke
java.lang.NullPointerException
	at chapter5.SimpleWrapper.allocate(SimpleWrapper.java:349)
	at chapter5.SimpleWrapperValve.invoke(SimpleWrapperValve.java:61)
	at chapter5.SimplePipeLine$SimplePipelineValveContext.invokeNext(SimplePipeLine.java:82)
	at chapter5.SimplePipeLine.invoke(SimplePipeLine.java:55)
	at chapter5.SimpleContext.invoke(SimpleContext.java:117)
	at org.apache.catalina.connector.http.HttpProcessor.process(HttpProcessor.java:972)
	at org.apache.catalina.connector.http.HttpProcessor.run(HttpProcessor.java:1085)
	at java.lang.Thread.run(Thread.java:745)

2016-04-20 17:07:23 HttpProcessor[8080][4] process.invoke
java.lang.NullPointerException
	at chapter5.SimpleWrapper.allocate(SimpleWrapper.java:349)
	at chapter5.SimpleWrapperValve.invoke(SimpleWrapperValve.java:61)
	at chapter5.SimplePipeLine$SimplePipelineValveContext.invokeNext(SimplePipeLine.java:82)
	at chapter5.SimplePipeLine.invoke(SimplePipeLine.java:55)
	at chapter5.SimpleContext.invoke(SimpleContext.java:117)
	at org.apache.catalina.connector.http.HttpProcessor.process(HttpProcessor.java:972)
	at org.apache.catalina.connector.http.HttpProcessor.run(HttpProcessor.java:1085)
	at java.lang.Thread.run(Thread.java:745)

2016-04-20 17:07:23 HttpProcessor[8080][4] process.invoke
java.lang.NullPointerException
	at chapter5.SimpleWrapper.allocate(SimpleWrapper.java:349)
	at chapter5.SimpleWrapperValve.invoke(SimpleWrapperValve.java:61)
	at chapter5.SimplePipeLine$SimplePipelineValveContext.invokeNext(SimplePipeLine.java:82)
	at chapter5.SimplePipeLine.invoke(SimplePipeLine.java:55)
	at chapter5.SimpleContext.invoke(SimpleContext.java:117)
	at org.apache.catalina.connector.http.HttpProcessor.process(HttpProcessor.java:972)
	at org.apache.catalina.connector.http.HttpProcessor.run(HttpProcessor.java:1085)
	at java.lang.Thread.run(Thread.java:745)

2016-04-20 17:07:37 HttpProcessor[8080][4] process.invoke
java.lang.NullPointerException
	at chapter5.SimpleWrapper.allocate(SimpleWrapper.java:349)
	at chapter5.SimpleWrapperValve.invoke(SimpleWrapperValve.java:61)
	at chapter5.SimplePipeLine$SimplePipelineValveContext.invokeNext(SimplePipeLine.java:82)
	at chapter5.SimplePipeLine.invoke(SimplePipeLine.java:55)
	at chapter5.SimpleContext.invoke(SimpleContext.java:117)
	at org.apache.catalina.connector.http.HttpProcessor.process(HttpProcessor.java:972)
	at org.apache.catalina.connector.http.HttpProcessor.run(HttpProcessor.java:1085)
	at java.lang.Thread.run(Thread.java:745)

2016-04-20 17:14:25 HttpConnector Opening server socket on all host IP addresses
2016-04-20 17:14:25 HttpConnector httpConnector, io problem: 
java.net.BindException: Address already in use: JVM_Bind:8080
	at org.apache.catalina.connector.http.HttpConnector.open(HttpConnector.java:910)
	at org.apache.catalina.connector.http.HttpConnector.initialize(HttpConnector.java:1115)
	at chapter8.BootStrap.main(BootStrap.java:54)

2016-04-20 17:14:42 HttpConnector Opening server socket on all host IP addresses
2016-04-20 17:14:42 HttpConnector[8080] Starting background thread
2016-04-20 17:14:42 HttpProcessor[8080][0] Starting background thread
2016-04-20 17:14:42 HttpProcessor[8080][1] Starting background thread
2016-04-20 17:14:42 HttpProcessor[8080][2] Starting background thread
2016-04-20 17:14:42 HttpProcessor[8080][3] Starting background thread
2016-04-20 17:14:42 HttpProcessor[8080][4] Starting background thread
2016-04-20 17:14:42 has start
2016-04-20 17:16:19 HttpConnector Opening server socket on all host IP addresses
2016-04-20 17:16:19 HttpConnector httpConnector, io problem: 
java.net.BindException: Address already in use: JVM_Bind:8080
	at org.apache.catalina.connector.http.HttpConnector.open(HttpConnector.java:910)
	at org.apache.catalina.connector.http.HttpConnector.initialize(HttpConnector.java:1115)
	at chapter7.BootStrap.main(BootStrap.java:53)

2016-04-20 17:16:30 HttpConnector Opening server socket on all host IP addresses
2016-04-20 17:16:30 HttpConnector[8080] Starting background thread
2016-04-20 17:16:30 HttpProcessor[8080][0] Starting background thread
2016-04-20 17:16:30 HttpProcessor[8080][1] Starting background thread
2016-04-20 17:16:30 HttpProcessor[8080][2] Starting background thread
2016-04-20 17:16:30 HttpProcessor[8080][3] Starting background thread
2016-04-20 17:16:30 HttpProcessor[8080][4] Starting background thread
2016-04-20 17:16:30 has start
2016-04-20 17:16:33 HttpProcessor[8080][4] process.invoke
java.lang.NullPointerException
	at chapter5.SimpleWrapper.allocate(SimpleWrapper.java:349)
	at chapter5.SimpleWrapperValve.invoke(SimpleWrapperValve.java:61)
	at chapter5.SimplePipeLine$SimplePipelineValveContext.invokeNext(SimplePipeLine.java:82)
	at chapter5.SimplePipeLine.invoke(SimplePipeLine.java:55)
	at chapter5.SimpleContext.invoke(SimpleContext.java:117)
	at org.apache.catalina.connector.http.HttpProcessor.process(HttpProcessor.java:972)
	at org.apache.catalina.connector.http.HttpProcessor.run(HttpProcessor.java:1085)
	at java.lang.Thread.run(Thread.java:745)

2016-04-20 17:18:58 HttpConnector Opening server socket on all host IP addresses
2016-04-20 17:18:58 HttpConnector[8080] Starting background thread
2016-04-20 17:18:58 HttpProcessor[8080][0] Starting background thread
2016-04-20 17:18:58 HttpProcessor[8080][1] Starting background thread
2016-04-20 17:18:58 HttpProcessor[8080][2] Starting background thread
2016-04-20 17:18:58 HttpProcessor[8080][3] Starting background thread
2016-04-20 17:18:58 HttpProcessor[8080][4] Starting background thread
2016-04-20 17:18:58 has start
2016-04-20 17:19:59 HttpConnector Opening server socket on all host IP addresses
2016-04-20 17:19:59 HttpConnector[8080] Starting background thread
2016-04-20 17:19:59 HttpProcessor[8080][0] Starting background thread
2016-04-20 17:19:59 HttpProcessor[8080][1] Starting background thread
2016-04-20 17:19:59 HttpProcessor[8080][2] Starting background thread
2016-04-20 17:19:59 HttpProcessor[8080][3] Starting background thread
2016-04-20 17:19:59 HttpProcessor[8080][4] Starting background thread
2016-04-20 17:19:59 has start
2016-04-20 17:20:03 HttpProcessor[8080][4] process.invoke
java.lang.NullPointerException
	at chapter5.SimpleWrapper.allocate(SimpleWrapper.java:350)
	at chapter5.SimpleWrapperValve.invoke(SimpleWrapperValve.java:61)
	at chapter5.SimplePipeLine$SimplePipelineValveContext.invokeNext(SimplePipeLine.java:82)
	at chapter5.SimplePipeLine.invoke(SimplePipeLine.java:55)
	at chapter5.SimpleContext.invoke(SimpleContext.java:117)
	at org.apache.catalina.connector.http.HttpProcessor.process(HttpProcessor.java:972)
	at org.apache.catalina.connector.http.HttpProcessor.run(HttpProcessor.java:1085)
	at java.lang.Thread.run(Thread.java:745)

2016-04-20 17:21:21 HttpConnector Opening server socket on all host IP addresses
2016-04-20 17:21:21 HttpConnector[8080] Starting background thread
2016-04-20 17:21:21 HttpProcessor[8080][0] Starting background thread
2016-04-20 17:21:21 HttpProcessor[8080][1] Starting background thread
2016-04-20 17:21:21 HttpProcessor[8080][2] Starting background thread
2016-04-20 17:21:21 HttpProcessor[8080][3] Starting background thread
2016-04-20 17:21:21 HttpProcessor[8080][4] Starting background thread
2016-04-20 17:21:21 has start
2016-04-20 17:21:39 HttpConnector Opening server socket on all host IP addresses
2016-04-20 17:21:39 HttpConnector[8080] Starting background thread
2016-04-20 17:21:39 HttpProcessor[8080][0] Starting background thread
2016-04-20 17:21:39 HttpProcessor[8080][1] Starting background thread
2016-04-20 17:21:39 HttpProcessor[8080][2] Starting background thread
2016-04-20 17:21:39 HttpProcessor[8080][3] Starting background thread
2016-04-20 17:21:39 HttpProcessor[8080][4] Starting background thread
2016-04-20 17:21:39 has start
2016-04-20 17:22:13 HttpProcessor[8080][4] process.invoke
java.lang.NullPointerException
	at chapter5.SimpleWrapper.allocate(SimpleWrapper.java:350)
	at chapter5.SimpleWrapperValve.invoke(SimpleWrapperValve.java:61)
	at chapter5.SimplePipeLine$SimplePipelineValveContext.invokeNext(SimplePipeLine.java:82)
	at chapter5.SimplePipeLine.invoke(SimplePipeLine.java:55)
	at chapter5.SimpleContext.invoke(SimpleContext.java:117)
	at org.apache.catalina.connector.http.HttpProcessor.process(HttpProcessor.java:972)
	at org.apache.catalina.connector.http.HttpProcessor.run(HttpProcessor.java:1085)
	at java.lang.Thread.run(Thread.java:745)

2016-04-20 17:22:31 HttpProcessor[8080][4] process.invoke
java.lang.NullPointerException
	at chapter5.SimpleWrapper.allocate(SimpleWrapper.java:350)
	at chapter5.SimpleWrapperValve.invoke(SimpleWrapperValve.java:61)
	at chapter5.SimplePipeLine$SimplePipelineValveContext.invokeNext(SimplePipeLine.java:82)
	at chapter5.SimplePipeLine.invoke(SimplePipeLine.java:55)
	at chapter5.SimpleContext.invoke(SimpleContext.java:117)
	at org.apache.catalina.connector.http.HttpProcessor.process(HttpProcessor.java:972)
	at org.apache.catalina.connector.http.HttpProcessor.run(HttpProcessor.java:1085)
	at java.lang.Thread.run(Thread.java:745)

2016-04-20 17:32:07 HttpConnector Opening server socket on all host IP addresses
2016-04-20 17:32:07 HttpConnector httpConnector, io problem: 
java.net.BindException: Address already in use: JVM_Bind:8080
	at org.apache.catalina.connector.http.HttpConnector.open(HttpConnector.java:910)
	at org.apache.catalina.connector.http.HttpConnector.initialize(HttpConnector.java:1115)
	at chapter8.BootStrap.main(BootStrap.java:56)

2016-04-20 17:32:19 HttpConnector Opening server socket on all host IP addresses
2016-04-20 17:32:19 HttpConnector[8080] Starting background thread
2016-04-20 17:32:19 HttpProcessor[8080][0] Starting background thread
2016-04-20 17:32:19 HttpProcessor[8080][1] Starting background thread
2016-04-20 17:32:19 HttpProcessor[8080][2] Starting background thread
2016-04-20 17:32:19 HttpProcessor[8080][3] Starting background thread
2016-04-20 17:32:19 HttpProcessor[8080][4] Starting background thread
2016-04-20 17:32:19 has start
2016-04-20 17:32:24 HttpProcessor[8080][4] process.invoke
java.lang.NullPointerException
	at chapter5.SimpleWrapper.allocate(SimpleWrapper.java:350)
	at chapter5.SimpleWrapperValve.invoke(SimpleWrapperValve.java:61)
	at chapter5.SimplePipeLine$SimplePipelineValveContext.invokeNext(SimplePipeLine.java:82)
	at chapter5.SimplePipeLine.invoke(SimplePipeLine.java:55)
	at chapter5.SimpleContext.invoke(SimpleContext.java:117)
	at org.apache.catalina.connector.http.HttpProcessor.process(HttpProcessor.java:972)
	at org.apache.catalina.connector.http.HttpProcessor.run(HttpProcessor.java:1085)
	at java.lang.Thread.run(Thread.java:745)

2016-04-20 17:35:47 HttpConnector Opening server socket on all host IP addresses
2016-04-20 17:35:47 HttpConnector[8080] Starting background thread
2016-04-20 17:35:47 HttpProcessor[8080][0] Starting background thread
2016-04-20 17:35:47 HttpProcessor[8080][1] Starting background thread
2016-04-20 17:35:47 HttpProcessor[8080][2] Starting background thread
2016-04-20 17:35:47 HttpProcessor[8080][3] Starting background thread
2016-04-20 17:35:47 HttpProcessor[8080][4] Starting background thread
2016-04-20 17:35:47 has start
2016-04-20 17:35:51 HttpProcessor[8080][4] process.invoke
java.lang.NullPointerException
	at chapter5.SimpleWrapper.allocate(SimpleWrapper.java:349)
	at chapter5.SimpleWrapperValve.invoke(SimpleWrapperValve.java:61)
	at chapter5.SimplePipeLine$SimplePipelineValveContext.invokeNext(SimplePipeLine.java:82)
	at chapter5.SimplePipeLine.invoke(SimplePipeLine.java:55)
	at chapter5.SimpleContext.invoke(SimpleContext.java:117)
	at org.apache.catalina.connector.http.HttpProcessor.process(HttpProcessor.java:972)
	at org.apache.catalina.connector.http.HttpProcessor.run(HttpProcessor.java:1085)
	at java.lang.Thread.run(Thread.java:745)

2016-04-20 17:36:40 HttpConnector Opening server socket on all host IP addresses
2016-04-20 17:36:40 HttpConnector[8080] Starting background thread
2016-04-20 17:36:40 HttpProcessor[8080][0] Starting background thread
2016-04-20 17:36:40 HttpProcessor[8080][1] Starting background thread
2016-04-20 17:36:40 HttpProcessor[8080][2] Starting background thread
2016-04-20 17:36:40 HttpProcessor[8080][3] Starting background thread
2016-04-20 17:36:40 HttpProcessor[8080][4] Starting background thread
2016-04-20 17:36:40 has start
2016-04-20 17:36:43 HttpProcessor[8080][4] process.invoke
java.lang.NullPointerException
	at chapter5.SimpleWrapper.allocate(SimpleWrapper.java:350)
	at chapter5.SimpleWrapperValve.invoke(SimpleWrapperValve.java:61)
	at chapter5.SimplePipeLine$SimplePipelineValveContext.invokeNext(SimplePipeLine.java:82)
	at chapter5.SimplePipeLine.invoke(SimplePipeLine.java:55)
	at chapter5.SimpleContext.invoke(SimpleContext.java:117)
	at org.apache.catalina.connector.http.HttpProcessor.process(HttpProcessor.java:972)
	at org.apache.catalina.connector.http.HttpProcessor.run(HttpProcessor.java:1085)
	at java.lang.Thread.run(Thread.java:745)

2016-04-20 17:37:32 HttpConnector Opening server socket on all host IP addresses
2016-04-20 17:37:32 HttpConnector[8080] Starting background thread
2016-04-20 17:37:32 HttpProcessor[8080][0] Starting background thread
2016-04-20 17:37:32 HttpProcessor[8080][1] Starting background thread
2016-04-20 17:37:32 HttpProcessor[8080][2] Starting background thread
2016-04-20 17:37:32 HttpProcessor[8080][3] Starting background thread
2016-04-20 17:37:32 HttpProcessor[8080][4] Starting background thread
2016-04-20 17:37:32 has start
2016-04-20 17:37:35 HttpProcessor[8080][4] process.invoke
java.lang.NullPointerException
	at chapter5.SimpleWrapper.allocate(SimpleWrapper.java:351)
	at chapter5.SimpleWrapperValve.invoke(SimpleWrapperValve.java:61)
	at chapter5.SimplePipeLine$SimplePipelineValveContext.invokeNext(SimplePipeLine.java:82)
	at chapter5.SimplePipeLine.invoke(SimplePipeLine.java:55)
	at chapter5.SimpleContext.invoke(SimpleContext.java:117)
	at org.apache.catalina.connector.http.HttpProcessor.process(HttpProcessor.java:972)
	at org.apache.catalina.connector.http.HttpProcessor.run(HttpProcessor.java:1085)
	at java.lang.Thread.run(Thread.java:745)

2016-04-20 17:49:48 HttpConnector Opening server socket on all host IP addresses
2016-04-20 17:49:48 HttpConnector[8080] Starting background thread
2016-04-20 17:49:48 HttpProcessor[8080][0] Starting background thread
2016-04-20 17:49:48 HttpProcessor[8080][1] Starting background thread
2016-04-20 17:49:48 HttpProcessor[8080][2] Starting background thread
2016-04-20 17:49:48 HttpProcessor[8080][3] Starting background thread
2016-04-20 17:49:48 HttpProcessor[8080][4] Starting background thread
2016-04-20 17:51:51 HttpConnector Opening server socket on all host IP addresses
2016-04-20 17:51:51 HttpConnector[8080] Starting background thread
2016-04-20 17:51:51 HttpProcessor[8080][0] Starting background thread
2016-04-20 17:51:51 HttpProcessor[8080][1] Starting background thread
2016-04-20 17:51:51 HttpProcessor[8080][2] Starting background thread
2016-04-20 17:51:51 HttpProcessor[8080][3] Starting background thread
2016-04-20 17:51:51 HttpProcessor[8080][4] Starting background thread
2016-04-20 18:08:57 HttpConnector Opening server socket on all host IP addresses
2016-04-20 18:08:57 HttpConnector[8080] Starting background thread
2016-04-20 18:08:57 HttpProcessor[8080][0] Starting background thread
2016-04-20 18:08:57 HttpProcessor[8080][1] Starting background thread
2016-04-20 18:08:57 HttpProcessor[8080][2] Starting background thread
2016-04-20 18:08:57 HttpProcessor[8080][3] Starting background thread
2016-04-20 18:08:57 HttpProcessor[8080][4] Starting background thread
2016-04-20 18:14:14 HttpConnector Opening server socket on all host IP addresses
2016-04-20 18:14:14 HttpConnector[8080] Starting background thread
2016-04-20 18:14:14 HttpProcessor[8080][0] Starting background thread
2016-04-20 18:14:14 HttpProcessor[8080][1] Starting background thread
2016-04-20 18:14:14 HttpProcessor[8080][2] Starting background thread
2016-04-20 18:14:14 HttpProcessor[8080][3] Starting background thread
2016-04-20 18:14:14 HttpProcessor[8080][4] Starting background thread
2016-04-20 18:14:14 WebappLoader[/WebRoot]: Deploying class repositories to work directory E:\IskyneWorkSpace\MyEclipse\MyServlet\work\_\_\WebRoot
2016-04-20 18:14:14 WebappLoader[/WebRoot]: Deploy class files /WEB-INF/classes to E:\IskyneWorkSpace\MyEclipse\MyServlet\WebRoot\WEB-INF\classes
2016-04-20 18:16:57 HttpConnector Opening server socket on all host IP addresses
2016-04-20 18:16:57 HttpConnector[8080] Starting background thread
2016-04-20 18:16:57 HttpProcessor[8080][0] Starting background thread
2016-04-20 18:16:57 HttpProcessor[8080][1] Starting background thread
2016-04-20 18:16:57 HttpProcessor[8080][2] Starting background thread
2016-04-20 18:16:57 HttpProcessor[8080][3] Starting background thread
2016-04-20 18:16:57 HttpProcessor[8080][4] Starting background thread
2016-04-20 18:16:57 WebappLoader[/WebRoot]: Deploying class repositories to work directory E:\IskyneWorkSpace\MyEclipse\MyServlet\work\_\_\WebRoot
2016-04-20 18:16:57 WebappLoader[/WebRoot]: Deploy class files /WEB-INF/classes to E:\IskyneWorkSpace\MyEclipse\MyServlet\WebRoot\WEB-INF\classes
2016-04-20 18:17:08 HttpConnector Opening server socket on all host IP addresses
2016-04-20 18:17:08 HttpConnector[8080] Starting background thread
2016-04-20 18:17:09 HttpProcessor[8080][0] Starting background thread
2016-04-20 18:17:09 HttpProcessor[8080][1] Starting background thread
2016-04-20 18:17:09 HttpProcessor[8080][2] Starting background thread
2016-04-20 18:17:09 HttpProcessor[8080][3] Starting background thread
2016-04-20 18:17:09 HttpProcessor[8080][4] Starting background thread
2016-04-20 18:17:09 WebappLoader[/WebRoot]: Deploying class repositories to work directory E:\IskyneWorkSpace\MyEclipse\MyServlet\work\_\_\WebRoot
2016-04-20 18:17:09 WebappLoader[/WebRoot]: Deploy class files /WEB-INF/classes to E:\IskyneWorkSpace\MyEclipse\MyServlet\WebRoot\WEB-INF\classes
